android/App_v0p1_ert_rtw/App_v0p1/build/outputs/logs/manifest-merger-debug-report.txt
-- Merging decision tree log ---
manifest
ADDED from AndroidManifest.xml:2:1
	package
		ADDED from AndroidManifest.xml:2:120
	android:versionName
		ADDED from AndroidManifest.xml:2:94
	android:versionCode
		ADDED from AndroidManifest.xml:2:70
		INJECTED from AndroidManifest.xml:0:0
		INJECTED from AndroidManifest.xml:0:0
	xmlns:android
		ADDED from AndroidManifest.xml:2:11
application
ADDED from AndroidManifest.xml:3:4
MERGED from com.android.support:appcompat-v7:22.2.1:22:5
MERGED from com.android.support:support-v4:22.2.1:22:5
MERGED from com.android.support:design:22.2.1:22:5
MERGED from com.android.support:appcompat-v7:22.2.1:22:5
MERGED from com.android.support:support-v4:22.2.1:22:5
MERGED from com.android.support:support-v4:22.2.1:22:5
	android:label
		ADDED from AndroidManifest.xml:3:54
	android:icon
		ADDED from AndroidManifest.xml:3:17
	android:theme
		ADDED from AndroidManifest.xml:3:87
activity#com.example.App_v0p1.App_v0p1
ADDED from AndroidManifest.xml:4:7
	android:screenOrientation
		ADDED from AndroidManifest.xml:4:167
	android:label
		ADDED from AndroidManifest.xml:4:17
	android:configChanges
		ADDED from AndroidManifest.xml:4:120
	android:theme
		ADDED from AndroidManifest.xml:4:74
	android:name
		ADDED from AndroidManifest.xml:4:50
intent-filter#android.intent.action.MAIN+android.intent.category.LAUNCHER
ADDED from AndroidManifest.xml:5:10
action#android.intent.action.MAIN
ADDED from AndroidManifest.xml:6:13
	android:name
		ADDED from AndroidManifest.xml:6:21
category#android.intent.category.LAUNCHER
ADDED from AndroidManifest.xml:7:13
	android:name
		ADDED from AndroidManifest.xml:7:23
uses-permission#android.permission.ACCESS_WIFI_STATE
ADDED from AndroidManifest.xml:11:4
	android:name
		ADDED from AndroidManifest.xml:11:21
uses-sdk
ADDED from AndroidManifest.xml:12:1
MERGED from com.android.support:appcompat-v7:22.2.1:20:5
MERGED from com.android.support:support-v4:22.2.1:20:5
MERGED from com.android.support:design:22.2.1:20:5
MERGED from com.android.support:appcompat-v7:22.2.1:20:5
MERGED from com.android.support:support-v4:22.2.1:20:5
MERGED from com.android.support:support-v4:22.2.1:20:5
MERGED from App_v0p1.libraries:opencv:unspecified:7:5
	android:minSdkVersion
		ADDED from AndroidManifest.xml:12:11
uses-permission#android.permission.INTERNET
ADDED from AndroidManifest.xml:13:1
	android:name
		ADDED from AndroidManifest.xml:13:18
uses-permission#android.permission.ACCESS_FINE_LOCATION
ADDED from AndroidManifest.xml:14:1
	android:name
		ADDED from AndroidManifest.xml:14:18
uses-permission#android.permission.ACCESS_NETWORK_STATE
ADDED from AndroidManifest.xml:15:1
	android:name
		ADDED from AndroidManifest.xml:15:18
uses-permission#android.permission.CAMERA
ADDED from AndroidManifest.xml:16:1
	android:name
		ADDED from AndroidManifest.xml:16:18
uses-feature#android.hardware.camera
ADDED from AndroidManifest.xml:17:1
	android:name
		ADDED from AndroidManifest.xml:17:15
uses-feature#android.hardware.camera.autofocus
ADDED from AndroidManifest.xml:18:1
	android:name
		ADDED from AndroidManifest.xml:18:15